1672715820012:/h
1672715821982:help
1672715829394:quit
1672715984044:help
1672715988574:hello-world
1672715991509:exit
1672866494730:help
1674518317467:hello-world
1674518321106:quit
1674595810858:help
1674595817364:recent-videos
1674598411208:help
1674598414262:all-videos
1674599208519:clear
1674599217102:exit
1674599372767:all-videos
1674600208467:exit
1674600294422:all-videos
1674600754635:exit
1674601173955:all-videos
1674669226050:help
1674757943836:recent-videos
1674759142908:all-videos
1674759683878:recent-videos
1674759692127:recent-videos 2
1674759702651:recent-videos 3
1674759741083:recent 4
1674759743233:all
1674759746264:exit
1674760253845:report
1674762365971:tasha-report
1674766012139:all
1674766149968:recent
1674766164050:tasha-report
